<?xml version="1.0" encoding="UTF-8"?>
<!-- Generated by org.testng.reporters.JUnitReportReporter -->
<testsuite skipped="0" hostname="NISHA" name="script.IssueDate" tests="1" failures="0" timestamp="05 Mar 2019 07:54:58 GMT" time="20.309" errors="0">
  <testcase name="testValidLogin" time="20.309" classname="script.IssueDate"/>
</testsuite> <!-- script.IssueDate -->
