<?xml version="1.0" encoding="UTF-8"?>
<!-- Generated by org.testng.reporters.JUnitReportReporter -->
<testsuite skipped="0" hostname="NISHA" name="script.InvalidLogin" tests="1" failures="0" timestamp="05 Mar 2019 07:08:48 GMT" time="60.900" errors="0">
  <testcase name="testInvalidLogin" time="60.900" classname="script.InvalidLogin"/>
</testsuite> <!-- script.InvalidLogin -->
