<?xml version="1.0" encoding="UTF-8"?>
<!-- Generated by org.testng.reporters.JUnitReportReporter -->
<testsuite skipped="0" hostname="NISHA" name="script.ValidLogin" tests="1" failures="0" timestamp="12 Mar 2019 10:11:59 GMT" time="94.420" errors="0">
  <testcase name="testValidLogin" time="94.420" classname="script.ValidLogin"/>
</testsuite> <!-- script.ValidLogin -->
